{"/Users/mohamadsoboh/ReactNativeProjects/challenge-repo/01tests/sum.js": {"path":"/Users/mohamadsoboh/ReactNativeProjects/challenge-repo/01tests/sum.js","statementMap":{"0":{"start":{"line":2,"column":4},"end":{"line":2,"column":17}},"1":{"start":{"line":4,"column":2},"end":{"line":4,"column":23}}},"fnMap":{"0":{"name":"sum","decl":{"start":{"line":1,"column":9},"end":{"line":1,"column":12}},"loc":{"start":{"line":1,"column":19},"end":{"line":3,"column":3}},"line":1}},"branchMap":{},"s":{"0":2,"1":1},"f":{"0":2},"b":{},"_coverageSchema":"1a1c01bbd47fc00a2c39e90264f33305004495a9","hash":"8854524caf05772a9a913996814f73bcc696f40c"}
,"/Users/mohamadsoboh/ReactNativeProjects/challenge-repo/02testsAsync/async.js": {"path":"/Users/mohamadsoboh/ReactNativeProjects/challenge-repo/02testsAsync/async.js","statementMap":{"0":{"start":{"line":2,"column":14},"end":{"line":2,"column":30}},"1":{"start":{"line":5,"column":18},"end":{"line":8,"column":3}},"2":{"start":{"line":6,"column":20},"end":{"line":6,"column":87}},"3":{"start":{"line":7,"column":4},"end":{"line":7,"column":23}},"4":{"start":{"line":11,"column":2},"end":{"line":11,"column":28}}},"fnMap":{"0":{"name":"(anonymous_0)","decl":{"start":{"line":5,"column":18},"end":{"line":5,"column":19}},"loc":{"start":{"line":5,"column":32},"end":{"line":8,"column":3}},"line":5}},"branchMap":{},"s":{"0":1,"1":1,"2":1,"3":1,"4":1},"f":{"0":1},"b":{},"_coverageSchema":"1a1c01bbd47fc00a2c39e90264f33305004495a9","hash":"4f4918e7acb515366a5b5a386e8c9ab59f581601"}
}
